<?xml version="1.0" encoding="UTF-8"?>
<!-- Generated by org.testng.reporters.JUnitReportReporter -->
<testsuite hostname="ORACLEO-8A27KUV" failures="0" tests="1" name="Rangatestng.TestCase1" time="0.006" errors="0" timestamp="2024-12-11T17:51:00 IST" skipped="0">
  <testcase classname="Rangatestng.TestCase1" name="loginTest" time="0.006"/>
</testsuite> <!-- Rangatestng.TestCase1 -->
