<?xml version="1.0" encoding="UTF-8"?>
<!-- Generated by org.testng.reporters.JUnitReportReporter -->
<testsuite hostname="ORACLEO-8A27KUV" failures="0" tests="2" name="dec12.ExtentReprotsTest" time="0.163" errors="0" timestamp="2024-12-12T17:23:20 IST" skipped="0">
  <testcase classname="dec12.ExtentReprotsTest" name="unknownTest" time="0.126"/>
  <testcase classname="dec12.ExtentReprotsTest" name="passTest" time="0.037"/>
</testsuite> <!-- dec12.ExtentReprotsTest -->
