<?xml version="1.0" encoding="UTF-8"?>
<!-- Generated by org.testng.reporters.JUnitReportReporter -->
<testsuite hostname="ORACLEO-8A27KUV" failures="0" tests="3" name="testng.test.Anotation1" time="19.270" errors="0" timestamp="2024-12-11T14:25:37 IST" skipped="0">
  <testcase classname="testng.test.Anotation1" name="timeLink" time="6.455">
    <system-out>
      <![CDATA[Time link ::]]>
    </system-out>
  </testcase> <!-- timeLink -->
  <testcase classname="testng.test.Anotation1" name="pimLink" time="6.623">
    <system-out>
      <![CDATA[PIM link ::]]>
    </system-out>
  </testcase> <!-- pimLink -->
  <testcase classname="testng.test.Anotation1" name="leaveLink" time="6.192">
    <system-out>
      <![CDATA[Leave link ::]]>
    </system-out>
  </testcase> <!-- leaveLink -->
  <system-out>
    <![CDATA[executing before suite
 pre condition ::
executing before test
executing beforeclass
executing beforeMethod
executing compose test
executing afterMethod
executing beforeMethod
executing login test
executing afterMethod
executing beforeMethod
executing reply test
executing afterMethod
executing after class
Time link ::
PIM link ::
Leave link ::
 pre condition ::
Leave link ::
Post condtion ::
 pre condition ::
PIM link ::
Post condtion ::
 pre condition ::
Time link ::
Post condtion ::
Post condtion ::
executing after test
executing after suite]]>
  </system-out>
</testsuite> <!-- testng.test.Anotation1 -->
