<?xml version="1.0" encoding="UTF-8"?>
<!-- Generated by org.testng.reporters.JUnitReportReporter -->
<testsuite hostname="ORACLEO-8A27KUV" failures="0" tests="1" name="dec11.Testassert" time="8.580" errors="0" timestamp="2024-12-11T18:41:32 IST" skipped="0">
  <testcase classname="dec11.Testassert" name="verifyTest" time="8.580"/>
</testsuite> <!-- dec11.Testassert -->
