<?xml version="1.0" encoding="UTF-8"?>
<!-- Generated by org.testng.reporters.JUnitReportReporter -->
<testsuite hostname="ORACLEO-8A27KUV" failures="0" tests="3" name="dec12.Advancereports" time="0.176" errors="0" timestamp="2024-12-12T16:47:37 IST" skipped="0">
  <testcase classname="dec12.Advancereports" name="FailedTest" time="0.129"/>
  <testcase classname="dec12.Advancereports" name="passTest" time="0.023"/>
  <testcase classname="dec12.Advancereports" name="SkipTest" time="0.024"/>
</testsuite> <!-- dec12.Advancereports -->
