<?xml version="1.0" encoding="UTF-8"?>
<!-- Generated by org.testng.reporters.JUnitReportReporter -->
<testsuite hostname="ORACLEO-8A27KUV" failures="0" tests="2" name="testng.test.TestNGInvocationC" time="24.552" errors="0" timestamp="2024-12-12T17:30:51 IST" skipped="0">
  <testcase classname="testng.test.TestNGInvocationC" name="verifyLoginLogout" time="13.459"/>
  <testcase classname="testng.test.TestNGInvocationC" name="verifyLoginLogout" time="11.093"/>
</testsuite> <!-- testng.test.TestNGInvocationC -->
