<?xml version="1.0" encoding="UTF-8"?>
<!-- Generated by org.testng.reporters.JUnitReportReporter -->
<testsuite hostname="ORACLEO-8A27KUV" failures="0" tests="1" name="Rangatestng.TestCase2" time="0.005" errors="0" timestamp="2024-12-11T17:54:35 IST" skipped="0">
  <testcase classname="Rangatestng.TestCase2" name="composeMail" time="0.005"/>
</testsuite> <!-- Rangatestng.TestCase2 -->
